This is pdfTeX, Version 3.1415926-1.40.10 (TeX Live 2009) (format=pdflatex 2009.11.7)  28 MAR 2011 14:31
entering extended mode
 \write18 enabled.
 file:line:error style messages enabled.
 %&-line parsing enabled.
**foo.tex
(./foo.tex
LaTeX2e <2009/09/24>
Babel <v3.8l> and hyphenation patterns for english, usenglishmax, dumylang, noh
yphenation, german-x-2009-06-19, ngerman-x-2009-06-19, ancientgreek, ibycus, ar
abic, basque, bulgarian, catalan, pinyin, coptic, croatian, czech, danish, dutc
h, esperanto, estonian, farsi, finnish, french, galician, german, ngerman, mono
greek, greek, hungarian, icelandic, indonesian, interlingua, irish, italian, ku
rmanji, latin, latvian, lithuanian, mongolian, mongolian2a, bokmal, nynorsk, po
lish, portuguese, romanian, russian, sanskrit, serbian, slovak, slovenian, span
ish, swedish, turkish, ukenglish, ukrainian, uppersorbian, welsh, loaded.
(/usr/local/texlive/2009/texmf-dist/tex/latex/base/article.cls
Document Class: article 2007/10/19 v1.4h Standard LaTeX document class
(/usr/local/texlive/2009/texmf-dist/tex/latex/base/size10.clo
File: size10.clo 2007/10/19 v1.4h Standard LaTeX file (size option)
)
\c@part=\count79
\c@section=\count80
\c@subsection=\count81
\c@subsubsection=\count82
\c@paragraph=\count83
\c@subparagraph=\count84
\c@figure=\count85
\c@table=\count86
\abovecaptionskip=\skip41
\belowcaptionskip=\skip42
\bibindent=\dimen102
)
(/usr/local/texlive/2009/texmf-dist/tex/latex/amsmath/amsbsy.sty
Package: amsbsy 1999/11/29 v1.2d

(/usr/local/texlive/2009/texmf-dist/tex/latex/amsmath/amsgen.sty
File: amsgen.sty 1999/11/30 v2.0
\@emptytoks=\toks14
\ex@=\dimen103
)
\pmbraise@=\dimen104
)
(/usr/local/texlive/2009/texmf-dist/tex/latex/amsmath/amscd.sty
Package: amscd 1999/11/29 v1.2d
\athelp@=\toks15
\minaw@=\dimen105
\bigaw@=\dimen106
\minCDarrowwidth=\dimen107
)
(/usr/local/texlive/2009/texmf-dist/tex/latex/amsfonts/amsfonts.sty
Package: amsfonts 2009/06/22 v3.00 Basic AMSFonts support
\symAMSa=\mathgroup4
\symAMSb=\mathgroup5
LaTeX Font Info:    Overwriting math alphabet `\mathfrak' in version `bold'
(Font)                  U/euf/m/n --> U/euf/b/n on input line 96.
)
(/usr/local/texlive/2009/texmf-dist/tex/latex/amsmath/amsmath.sty
Package: amsmath 2000/07/18 v2.13 AMS math features
\@mathmargin=\skip43

For additional information on amsmath, use the `?' option.
(/usr/local/texlive/2009/texmf-dist/tex/latex/amsmath/amstext.sty
Package: amstext 2000/06/29 v2.01
)
(/usr/local/texlive/2009/texmf-dist/tex/latex/amsmath/amsopn.sty
Package: amsopn 1999/12/14 v2.01 operator names
)
\inf@bad=\count87
LaTeX Info: Redefining \frac on input line 211.
\uproot@=\count88
\leftroot@=\count89
LaTeX Info: Redefining \overline on input line 307.
\classnum@=\count90
\DOTSCASE@=\count91
LaTeX Info: Redefining \ldots on input line 379.
LaTeX Info: Redefining \dots on input line 382.
LaTeX Info: Redefining \cdots on input line 467.
\Mathstrutbox@=\box26
\strutbox@=\box27
\big@size=\dimen108
LaTeX Font Info:    Redeclaring font encoding OML on input line 567.
LaTeX Font Info:    Redeclaring font encoding OMS on input line 568.
\macc@depth=\count92
\c@MaxMatrixCols=\count93
\dotsspace@=\muskip10
\c@parentequation=\count94
\dspbrk@lvl=\count95
\tag@help=\toks16
\row@=\count96
\column@=\count97
\maxfields@=\count98
\andhelp@=\toks17
\eqnshift@=\dimen109
\alignsep@=\dimen110
\tagshift@=\dimen111
\tagwidth@=\dimen112
\totwidth@=\dimen113
\lineht@=\dimen114
\@envbody=\toks18
\multlinegap=\skip44
\multlinetaggap=\skip45
\mathdisplay@stack=\toks19
LaTeX Info: Redefining \[ on input line 2666.
LaTeX Info: Redefining \] on input line 2667.
)
(/usr/local/texlive/2009/texmf-dist/tex/latex/amsfonts/amssymb.sty
Package: amssymb 2009/06/22 v3.00
)
(/usr/local/texlive/2009/texmf-dist/tex/latex/amscls/amsthm.sty
Package: amsthm 2004/08/06 v2.20
\thm@style=\toks20
\thm@bodyfont=\toks21
\thm@headfont=\toks22
\thm@notefont=\toks23
\thm@headpunct=\toks24
\thm@preskip=\skip46
\thm@postskip=\skip47
\thm@headsep=\skip48
\dth@everypar=\toks25
)
(/usr/local/texlive/2009/texmf-dist/tex/latex/amsmath/amsxtra.sty
Package: amsxtra 1999/11/15 v1.2c
LaTeX Info: Redefining \nobreakspace on input line 77.
)
(/usr/local/texlive/2009/texmf-dist/tex/latex/graphics/graphicx.sty
Package: graphicx 1999/02/16 v1.0f Enhanced LaTeX Graphics (DPC,SPQR)

(/usr/local/texlive/2009/texmf-dist/tex/latex/graphics/keyval.sty
Package: keyval 1999/03/16 v1.13 key=value parser (DPC)
\KV@toks@=\toks26
)
(/usr/local/texlive/2009/texmf-dist/tex/latex/graphics/graphics.sty
Package: graphics 2009/02/05 v1.0o Standard LaTeX Graphics (DPC,SPQR)

(/usr/local/texlive/2009/texmf-dist/tex/latex/graphics/trig.sty
Package: trig 1999/03/16 v1.09 sin cos tan (DPC)
)
(/usr/local/texlive/2009/texmf-dist/tex/latex/latexconfig/graphics.cfg
File: graphics.cfg 2009/08/28 v1.8 graphics configuration of TeX Live
)
Package graphics Info: Driver file: pdftex.def on input line 91.

(/usr/local/texlive/2009/texmf-dist/tex/latex/pdftex-def/pdftex.def
File: pdftex.def 2009/08/25 v0.04m Graphics/color for pdfTeX
\Gread@gobject=\count99
))
\Gin@req@height=\dimen115
\Gin@req@width=\dimen116
)
(/usr/local/texlive/2009/texmf-dist/tex/latex/tools/verbatim.sty
Package: verbatim 2003/08/22 v1.5q LaTeX2e package for verbatim enhancements
\every@verbatim=\toks27
\verbatim@line=\toks28
\verbatim@in@stream=\read1
)
(/usr/local/texlive/2009/texmf-dist/tex/latex/fancyvrb/fancyvrb.sty
Package: fancyvrb 2008/02/07

Style option: `fancyvrb' v2.7a, with DG/SPQR fixes, and firstline=lastline fix 
<2008/02/07> (tvz)
\FV@CodeLineNo=\count100
\FV@InFile=\read2
\FV@TabBox=\box28
\c@FancyVerbLine=\count101
\FV@StepNumber=\count102
\FV@OutFile=\write3
) (./foo.aux

LaTeX Warning: Label `default' multiply defined.


LaTeX Warning: Label `default' multiply defined.


LaTeX Warning: Label `default' multiply defined.


LaTeX Warning: Label `default' multiply defined.

)
\openout1 = `foo.aux'.

LaTeX Font Info:    Checking defaults for OML/cmm/m/it on input line 91.
LaTeX Font Info:    ... okay on input line 91.
LaTeX Font Info:    Checking defaults for T1/cmr/m/n on input line 91.
LaTeX Font Info:    ... okay on input line 91.
LaTeX Font Info:    Checking defaults for OT1/cmr/m/n on input line 91.
LaTeX Font Info:    ... okay on input line 91.
LaTeX Font Info:    Checking defaults for OMS/cmsy/m/n on input line 91.
LaTeX Font Info:    ... okay on input line 91.
LaTeX Font Info:    Checking defaults for OMX/cmex/m/n on input line 91.
LaTeX Font Info:    ... okay on input line 91.
LaTeX Font Info:    Checking defaults for U/cmr/m/n on input line 91.
LaTeX Font Info:    ... okay on input line 91.
 (/usr/local/texlive/2009/texmf-dist/tex/context/base/supp-pdf.mkii
[Loading MPS to PDF converter (version 2006.09.02).]
\scratchcounter=\count103
\scratchdimen=\dimen117
\scratchbox=\box29
\nofMPsegments=\count104
\nofMParguments=\count105
\everyMPshowfont=\toks29
\MPscratchCnt=\count106
\MPscratchDim=\dimen118
\MPnumerator=\count107
\everyMPtoPDFconversion=\toks30
)
LaTeX Font Info:    Try loading font information for U+msa on input line 122.
 (/usr/local/texlive/2009/texmf-dist/tex/latex/amsfonts/umsa.fd
File: umsa.fd 2009/06/22 v3.00 AMS symbols A
)
LaTeX Font Info:    Try loading font information for U+msb on input line 122.

(/usr/local/texlive/2009/texmf-dist/tex/latex/amsfonts/umsb.fd
File: umsb.fd 2009/06/22 v3.00 AMS symbols B
)
<simple_sin.pdf, id=1, 562.1pt x 421.575pt>
File: simple_sin.pdf Graphic file (type pdf)
 <use simple_sin.pdf>
<circsinpic.pdf, id=2, 562.1pt x 421.575pt>
File: circsinpic.pdf Graphic file (type pdf)
 <use circsinpic.pdf>
Overfull \hbox (69.74638pt too wide) in paragraph at lines 158--158
[]\OT1/cmtt/m/n/10 % sincirc.m illustrates the relation of the sin and cosine w
aves to the circle.[] 
 []

[1

{/usr/local/texlive/2009/texmf-var/fonts/map/pdftex/updmap/pdftex.map}]
[2 <./simple_sin.pdf> <./circsinpic.pdf>]
Overfull \hbox (27.74675pt too wide) in paragraph at lines 181--181
[]    \OT1/cmtt/m/n/10 text(cos(phi) + .1*(sign(cos(phi))-.5), sin(phi)/2, 'sin
(\varphi)')[] 
 []


Underfull \hbox (badness 10000) in paragraph at lines 192--195

 []

[3] <charwave.pdf, id=34, 488.54039pt x 378.33316pt>
File: charwave.pdf Graphic file (type pdf)
 <use charwave.pdf>
[4 <./charwave.pdf>] <compoundwv_1.pdf, id=59, 562.1pt x 421.575pt>
File: compoundwv_1.pdf Graphic file (type pdf)

<use compoundwv_1.pdf>
Underfull \hbox (badness 10000) in paragraph at lines 264--265

 []

[5 <./compoundwv_1.pdf>] <comp_wave_problem.pdf, id=69, 562.1pt x 421.575pt>
File: comp_wave_problem.pdf Graphic file (type pdf)

<use comp_wave_problem.pdf> <sine_wv.pdf, id=70, 562.1pt x 421.575pt>
File: sine_wv.pdf Graphic file (type pdf)

<use sine_wv.pdf> <cosine_wv.pdf, id=71, 562.1pt x 421.575pt>
File: cosine_wv.pdf Graphic file (type pdf)

<use cosine_wv.pdf> <first_trapezoid.pdf, id=72, 562.1pt x 421.575pt>
File: first_trapezoid.pdf Graphic file (type pdf)

<use first_trapezoid.pdf> <fourtrap.pdf, id=73, 562.1pt x 421.575pt>
File: fourtrap.pdf Graphic file (type pdf)

<use fourtrap.pdf> [6 <./comp_wave_problem.pdf>]
Underfull \hbox (badness 10000) in paragraph at lines 335--338

 []

[7 <./sine_wv.pdf> <./cosine_wv.pdf>] [8 <./first_trapezoid.pdf> <./fourtrap.pd
f>]
Overfull \hbox (14.8326pt too wide) in paragraph at lines 347--349
\OT1/cmr/m/n/10 In the gen-eral case, if we split up the do-main of the func-ti
on at points $\OMS/cmsy/m/n/10 f\OML/cmm/m/it/10 t[]; t[]; [] ; t[]\OMS/cmsy/m/
n/10 g$\OT1/cmr/m/n/10 ,
 []


Overfull \hbox (14.24042pt too wide) detected at line 352
[] \OT1/cmr/m/n/10 = (\OML/cmm/m/it/10 t[] \OMS/cmsy/m/n/10 ^^@ \OML/cmm/m/it/1
0 t[]\OT1/cmr/m/n/10 )[] + [] + (\OML/cmm/m/it/10 t[] \OMS/cmsy/m/n/10 ^^@ \OML
/cmm/m/it/10 t[]\OT1/cmr/m/n/10 )[]
 []


Overfull \hbox (27.74675pt too wide) in paragraph at lines 363--363
[]\OT1/cmtt/m/n/10 % mytrapz.m performs the trapezoid rule on the vector given 
by x and y.[] 
 []


Overfull \hbox (27.74675pt too wide) in paragraph at lines 367--367
[]\OT1/cmtt/m/n/10 %   y - a vector containing values of the function correspon
ding to the[] 
 []


Overfull \hbox (27.74675pt too wide) in paragraph at lines 372--372
[] \OT1/cmtt/m/n/10 %loop through and add up trapezoids for as many points as w
e are given[] 
 []

[9]
Overfull \hbox (69.74638pt too wide) in paragraph at lines 379--379
[]    \OT1/cmtt/m/n/10 height = (y(n) + y(n-1))/2;     %average height of funct
ion across interval[] 
 []


Underfull \hbox (badness 10000) in paragraph at lines 390--391

 []


Overfull \hbox (64.49643pt too wide) in paragraph at lines 414--414
[]    \OT1/cmtt/m/n/10 curve_area = curve_area + y(1)*(x(2) - x(1)) + y(end)*(x
(end) - x(end-1));[] 
 []

[10]
Overfull \hbox (19.55753pt too wide) detected at line 427
[] \OT1/cmr/m/n/10 = [] \OML/cmm/m/it/10 f\OT1/cmr/m/n/10 (\OML/cmm/m/it/10 t[]
\OT1/cmr/m/n/10 )(\OML/cmm/m/it/10 x[] \OMS/cmsy/m/n/10 ^^@ \OML/cmm/m/it/10 x[
]\OT1/cmr/m/n/10 ) + \OML/cmm/m/it/10 f\OT1/cmr/m/n/10 (\OML/cmm/m/it/10 t[]\OT
1/cmr/m/n/10 )(\OML/cmm/m/it/10 x[] \OMS/cmsy/m/n/10 ^^@ \OML/cmm/m/it/10 x[]\O
T1/cmr/m/n/10 ) + \OML/cmm/m/it/10 f\OT1/cmr/m/n/10 (\OML/cmm/m/it/10 t[]\OT1/c
mr/m/n/10 )(\OML/cmm/m/it/10 x[] \OMS/cmsy/m/n/10 ^^@ \OML/cmm/m/it/10 x[]\OT1/
cmr/m/n/10 )
 []


Overfull \hbox (133.06165pt too wide) in paragraph at lines 455--455
[] 
 []

[11]
Overfull \hbox (59.0502pt too wide) in paragraph at lines 463--463
[] 
 []


Overfull \hbox (136.91345pt too wide) in paragraph at lines 482--482
[] 
 []

[12] <mf_sine.pdf, id=128, 562.1pt x 421.575pt>
File: mf_sine.pdf Graphic file (type pdf)
 <use mf_sine.pdf>
Overfull \hbox (6.74693pt too wide) in paragraph at lines 529--529
[]    \OT1/cmtt/m/n/10 a(j) = mytrapz(t,y.*sin(j*2*pi*t))/mytrapz(t,sin(j*2*pi*
t).^2);[] 
 []

<checking_fourier.pdf, id=129, 562.1pt x 421.575pt>
File: checking_fourier.pdf Graphic file (type pdf)
 <use checking_fourier.pdf>
<mf_fft_frequencies.pdf, id=130, 562.1pt x 421.575pt>
File: mf_fft_frequencies.pdf Graphic file (type pdf)

<use mf_fft_frequencies.pdf> [13] [14 <./mf_sine.pdf>] [15 <./checking_fourier.
pdf> <./mf_fft_frequencies.pdf>] <myfftcoef.png, id=159, 417.56pt x 315.579pt>
File: myfftcoef.png Graphic file (type png)

<use myfftcoef.png> [16 <./myfftcoef.png (PNG copy)>]
<sglink2.png, id=163, 679.338pt x 406.318pt>
File: sglink2.png Graphic file (type png)
 <use sglink2.png> [17 <./sglink2.png (PNG copy)>] <sg_sig.jpg, id=167, 1036.87
375pt x 417.56pt>
File: sg_sig.jpg Graphic file (type jpg)
 <use sg_sig.jpg>
Overfull \hbox (121.58888pt too wide) in paragraph at lines 655--656
 [] 
 []

[18 <./sg_sig.jpg>] <sg2.png, id=171, 485.815pt x 352.517pt>
File: sg2.png Graphic file (type png)
 <use sg2.png>
<EEGwv.jpg, id=172, 930.47626pt x 355.3275pt>
File: EEGwv.jpg Graphic file (type jpg)
 <use EEGwv.jpg>
Overfull \hbox (120.23698pt too wide) in paragraph at lines 684--685
 [] 
 []

[19 <./sg2.png (PNG copy)>]
Overfull \hbox (27.74675pt too wide) in paragraph at lines 724--724
[]\OT1/cmtt/m/n/10 % mytrapz.m performs the trapezoid rule on the vector given 
by x and y.[] 
 []


Overfull \hbox (27.74675pt too wide) in paragraph at lines 728--728
[]\OT1/cmtt/m/n/10 %   y - a vector containing values of the function correspon
ding to the[] 
 []


Overfull \hbox (43.49661pt too wide) in paragraph at lines 734--734
[]    \OT1/cmtt/m/n/10 %loop through and add up trapezoids for as many points a
s we are given[] 
 []


Overfull \hbox (90.7462pt too wide) in paragraph at lines 736--736
[]        \OT1/cmtt/m/n/10 height = (y(n) + y(n-1))/2;     %average height of f
unction across interval[] 
 []


Overfull \hbox (22.4968pt too wide) in paragraph at lines 739--739
[]        \OT1/cmtt/m/n/10 curve_area = curve_area + trap_area;    %add to cont
inuing sum[] 
 []

[20 <./EEGwv.jpg>]
Overfull \hbox (64.49643pt too wide) in paragraph at lines 745--745
[]    \OT1/cmtt/m/n/10 curve_area = curve_area + y(1)*(x(2) - x(1)) + y(end)*(x
(end) - x(end-1));[] 
 []


Overfull \hbox (11.99689pt too wide) in paragraph at lines 759--759
[]\OT1/cmtt/m/n/10 % find the frequencies and amplitudes at which a wave is "vi
brating"[] 
 []


Overfull \hbox (11.99689pt too wide) in paragraph at lines 761--761
[]\OT1/cmtt/m/n/10 % Contrast simple (but laborious) trapezoid computations to 
the fast[] 
 []


Overfull \hbox (53.99652pt too wide) in paragraph at lines 762--762
[]\OT1/cmtt/m/n/10 % and flexible built-in fft command (fft stands for fast Fou
rier transform).[] 
 []

[21]
Overfull \hbox (27.74675pt too wide) in paragraph at lines 818--818
[]\OT1/cmtt/m/n/10 % myfourier.m decomposes the signal 'y', taken with sample i
nterval dt,[] 
 []


Overfull \hbox (43.49661pt too wide) in paragraph at lines 825--825
[]\OT1/cmtt/m/n/10 %   use_fft -- if designated, use matlab's fft instead of tr
apezoid method[] 
 []


Overfull \hbox (43.49661pt too wide) in paragraph at lines 830--830
[]\OT1/cmtt/m/n/10 %   mag  -- magnitude of frequency components of y correspon
ding to 'freq'[] 
 []

[22]
Overfull \hbox (59.24648pt too wide) in paragraph at lines 874--874
[]\OT1/cmtt/m/n/10 % segment into its component frequencies.  See "Short-time F
ourier Transform"[] 
 []

[23] [24] (./foo.aux)

LaTeX Warning: There were multiply-defined labels.

 ) 
Here is how much of TeX's memory you used:
 2386 strings out of 493848
 30575 string characters out of 3149207
 90079 words of memory out of 3000000
 5646 multiletter control sequences out of 15000+200000
 7371 words of font info for 29 fonts, out of 3000000 for 9000
 714 hyphenation exceptions out of 8191
 25i,12n,22p,846b,259s stack positions out of 5000i,500n,10000p,200000b,50000s
</usr/local/texlive/2009/texmf-dist/fonts/type1/public/amsfonts/cm/cmbx10.pfb
></usr/local/texlive/2009/texmf-dist/fonts/type1/public/amsfonts/cm/cmbx12.pfb>
</usr/local/texlive/2009/texmf-dist/fonts/type1/public/amsfonts/cm/cmex10.pfb><
/usr/local/texlive/2009/texmf-dist/fonts/type1/public/amsfonts/cm/cmmi10.pfb></
usr/local/texlive/2009/texmf-dist/fonts/type1/public/amsfonts/cm/cmmi7.pfb></us
r/local/texlive/2009/texmf-dist/fonts/type1/public/amsfonts/cm/cmr10.pfb></usr/
local/texlive/2009/texmf-dist/fonts/type1/public/amsfonts/cm/cmr7.pfb></usr/loc
al/texlive/2009/texmf-dist/fonts/type1/public/amsfonts/cm/cmsy10.pfb></usr/loca
l/texlive/2009/texmf-dist/fonts/type1/public/amsfonts/cm/cmsy7.pfb></usr/local/
texlive/2009/texmf-dist/fonts/type1/public/amsfonts/cm/cmti10.pfb></usr/local/t
exlive/2009/texmf-dist/fonts/type1/public/amsfonts/cm/cmtt10.pfb>
Output written on foo.pdf (24 pages, 584004 bytes).
PDF statistics:
 227 PDF objects out of 1000 (max. 8388607)
 0 named destinations out of 1000 (max. 500000)
 86 words of extra memory for PDF output out of 10000 (max. 10000000)

